2021-05-28 23:10:37,051 [WARN] from slick.basic.DatabaseConfig in play-dev-mode-akka.actor.default-dispatcher-6 - Use `profile` instead of `driver`. The latter is deprecated since Slick 3.2 and will be removed.
2021-05-28 23:10:37,819 [INFO] from play.api.http.EnabledFilters in play-dev-mode-akka.actor.default-dispatcher-6 - Enabled Filters (see <https://www.playframework.com/documentation/latest/Filters>):

    play.filters.csrf.CSRFFilter
    play.filters.headers.SecurityHeadersFilter
    play.filters.hosts.AllowedHostsFilter
    filters.ExampleFilter
    filters.ExampleFilter

2021-05-28 23:10:37,827 [INFO] from play.api.Play in play-dev-mode-akka.actor.default-dispatcher-6 - Application started (Dev) (no global state)
2021-05-28 23:10:38,340 [ERROR] from play.api.http.DefaultHttpErrorHandler in application-akka.actor.default-dispatcher-6 - 

! @7jpa1cp0e - Internal server error, for (POST) [/addaddress] ->
 
play.api.http.HttpErrorHandlerExceptions$$anon$1: Execution exception[[JsResultException: JsResultException(errors:List((/address_line2,List(JsonValidationError(List(error.path.missing),WrappedArray()))), (/customer,List(JsonValidationError(List(error.path.missing),WrappedArray()))), (/address_line1,List(JsonValidationError(List(error.path.missing),WrappedArray())))))]]
	at play.api.http.HttpErrorHandlerExceptions$.throwableToUsefulException(HttpErrorHandler.scala:335)
	at play.api.http.DefaultHttpErrorHandler.onServerError(HttpErrorHandler.scala:253)
	at play.core.server.AkkaHttpServer$$anonfun$2.applyOrElse(AkkaHttpServer.scala:424)
	at play.core.server.AkkaHttpServer$$anonfun$2.applyOrElse(AkkaHttpServer.scala:420)
	at scala.concurrent.Future.$anonfun$recoverWith$1(Future.scala:417)
	at scala.concurrent.impl.Promise.$anonfun$transformWith$1(Promise.scala:41)
	at scala.concurrent.impl.CallbackRunnable.run(Promise.scala:64)
	at akka.dispatch.BatchingExecutor$AbstractBatch.processBatch(BatchingExecutor.scala:55)
	at akka.dispatch.BatchingExecutor$BlockableBatch.$anonfun$run$1(BatchingExecutor.scala:92)
	at scala.runtime.java8.JFunction0$mcV$sp.apply(JFunction0$mcV$sp.java:23)
	at scala.concurrent.BlockContext$.withBlockContext(BlockContext.scala:85)
	at akka.dispatch.BatchingExecutor$BlockableBatch.run(BatchingExecutor.scala:92)
	at akka.dispatch.TaskInvocation.run(AbstractDispatcher.scala:47)
	at akka.dispatch.ForkJoinExecutorConfigurator$AkkaForkJoinTask.exec(ForkJoinExecutorConfigurator.scala:47)
	at java.util.concurrent.ForkJoinTask.doExec(ForkJoinTask.java:289)
	at java.util.concurrent.ForkJoinPool$WorkQueue.runTask(ForkJoinPool.java:1056)
	at java.util.concurrent.ForkJoinPool.runWorker(ForkJoinPool.java:1692)
	at java.util.concurrent.ForkJoinWorkerThread.run(ForkJoinWorkerThread.java:175)
Caused by: play.api.libs.json.JsResultException: JsResultException(errors:List((/address_line2,List(JsonValidationError(List(error.path.missing),WrappedArray()))), (/customer,List(JsonValidationError(List(error.path.missing),WrappedArray()))), (/address_line1,List(JsonValidationError(List(error.path.missing),WrappedArray())))))
	at play.api.libs.json.JsReadable.$anonfun$as$2(JsReadable.scala:25)
	at play.api.libs.json.JsError.fold(JsResult.scala:66)
	at play.api.libs.json.JsReadable.as(JsReadable.scala:24)
	at play.api.libs.json.JsReadable.as$(JsReadable.scala:23)
	at play.api.libs.json.JsObject.as(JsValue.scala:121)
	at controllers.AddressController.$anonfun$addAddress$1(AddressController.scala:44)
	at scala.Function1.$anonfun$andThen$1(Function1.scala:57)
	at play.api.mvc.MessagesActionBuilderImpl.invokeBlock(MessagesRequest.scala:78)
	at play.api.mvc.MessagesActionBuilderImpl.invokeBlock(MessagesRequest.scala:74)
	at play.api.mvc.ActionBuilder$$anon$10.$anonfun$invokeBlock$2(Action.scala:408)
	at play.api.mvc.ActionBuilderImpl.invokeBlock(Action.scala:441)
	at play.api.mvc.ActionBuilderImpl.invokeBlock(Action.scala:439)
	at play.api.mvc.ActionBuilder$$anon$10.invokeBlock(Action.scala:408)
	at play.api.mvc.ActionBuilder$$anon$10.invokeBlock(Action.scala:404)
	at play.api.mvc.ActionBuilder$$anon$9.apply(Action.scala:379)
	at play.api.mvc.Action.$anonfun$apply$4(Action.scala:82)
	at scala.concurrent.Future.$anonfun$flatMap$1(Future.scala:307)
	... 13 common frames omitted
2021-05-28 23:10:48,790 [INFO] from play.core.server.AkkaHttpServer in play-dev-mode-shutdown-hook-1 - Stopping Akka HTTP server...
2021-05-28 23:10:48,800 [INFO] from play.core.server.AkkaHttpServer in play-dev-mode-akka.actor.internal-dispatcher-5 - Terminating server binding for /0:0:0:0:0:0:0:0:9000
2021-05-28 23:10:48,897 [INFO] from play.core.server.AkkaHttpServer in play-dev-mode-akka.actor.internal-dispatcher-5 - Running provided shutdown stop hooks
